[debug] [2024-09-06T23:52:40.920Z] ----------------------------------------------------------------------
[debug] [2024-09-06T23:52:40.923Z] Command:       /Users/hugo/.nvm/versions/node/v20.14.0/bin/node /Users/hugo/.nvm/versions/node/v20.14.0/bin/firebase deploy --only functions
[debug] [2024-09-06T23:52:40.924Z] CLI Version:   13.16.0
[debug] [2024-09-06T23:52:40.924Z] Platform:      darwin
[debug] [2024-09-06T23:52:40.924Z] Node Version:  v20.14.0
[debug] [2024-09-06T23:52:40.924Z] Time:          Fri Sep 06 2024 16:52:40 GMT-0700 (Pacific Daylight Time)
[debug] [2024-09-06T23:52:40.924Z] ----------------------------------------------------------------------
[debug] 
[debug] [2024-09-06T23:52:40.987Z] > command requires scopes: ["email","openid","https://www.googleapis.com/auth/cloudplatformprojects.readonly","https://www.googleapis.com/auth/firebase","https://www.googleapis.com/auth/cloud-platform"]
[debug] [2024-09-06T23:52:40.987Z] > authorizing via signed-in user (hugosiuyh@gmail.com)
[debug] [2024-09-06T23:52:40.987Z] [iam] checking project ratetheclub for permissions ["cloudfunctions.functions.create","cloudfunctions.functions.delete","cloudfunctions.functions.get","cloudfunctions.functions.list","cloudfunctions.functions.update","cloudfunctions.operations.get","firebase.projects.get"]
[debug] [2024-09-06T23:52:40.989Z] >>> [apiv2][query] POST https://cloudresourcemanager.googleapis.com/v1/projects/ratetheclub:testIamPermissions [none]
[debug] [2024-09-06T23:52:40.989Z] >>> [apiv2][(partial)header] POST https://cloudresourcemanager.googleapis.com/v1/projects/ratetheclub:testIamPermissions x-goog-quota-user=projects/ratetheclub
[debug] [2024-09-06T23:52:40.989Z] >>> [apiv2][body] POST https://cloudresourcemanager.googleapis.com/v1/projects/ratetheclub:testIamPermissions {"permissions":["cloudfunctions.functions.create","cloudfunctions.functions.delete","cloudfunctions.functions.get","cloudfunctions.functions.list","cloudfunctions.functions.update","cloudfunctions.operations.get","firebase.projects.get"]}
[debug] [2024-09-06T23:52:41.201Z] <<< [apiv2][status] POST https://cloudresourcemanager.googleapis.com/v1/projects/ratetheclub:testIamPermissions 200
[debug] [2024-09-06T23:52:41.201Z] <<< [apiv2][body] POST https://cloudresourcemanager.googleapis.com/v1/projects/ratetheclub:testIamPermissions {"permissions":["cloudfunctions.functions.create","cloudfunctions.functions.delete","cloudfunctions.functions.get","cloudfunctions.functions.list","cloudfunctions.functions.update","cloudfunctions.operations.get","firebase.projects.get"]}
[debug] [2024-09-06T23:52:41.202Z] >>> [apiv2][query] POST https://iam.googleapis.com/v1/projects/ratetheclub/serviceAccounts/ratetheclub@appspot.gserviceaccount.com:testIamPermissions [none]
[debug] [2024-09-06T23:52:41.202Z] >>> [apiv2][body] POST https://iam.googleapis.com/v1/projects/ratetheclub/serviceAccounts/ratetheclub@appspot.gserviceaccount.com:testIamPermissions {"permissions":["iam.serviceAccounts.actAs"]}
[debug] [2024-09-06T23:52:41.496Z] <<< [apiv2][status] POST https://iam.googleapis.com/v1/projects/ratetheclub/serviceAccounts/ratetheclub@appspot.gserviceaccount.com:testIamPermissions 200
[debug] [2024-09-06T23:52:41.496Z] <<< [apiv2][body] POST https://iam.googleapis.com/v1/projects/ratetheclub/serviceAccounts/ratetheclub@appspot.gserviceaccount.com:testIamPermissions {"permissions":["iam.serviceAccounts.actAs"]}
[info] 
[info] === Deploying to 'ratetheclub'...
[info] 
[info] i  deploying functions 
[info] Running command: npm --prefix "$RESOURCE_DIR" run lint
[info] ✔  functions: Finished running predeploy script. 
[debug] [2024-09-06T23:52:42.397Z] >>> [apiv2][query] GET https://firebase.googleapis.com/v1beta1/projects/ratetheclub [none]
[debug] [2024-09-06T23:52:43.054Z] <<< [apiv2][status] GET https://firebase.googleapis.com/v1beta1/projects/ratetheclub 200
[debug] [2024-09-06T23:52:43.054Z] <<< [apiv2][body] GET https://firebase.googleapis.com/v1beta1/projects/ratetheclub {"projectId":"ratetheclub","projectNumber":"532159764220","displayName":"ratetheclub","name":"projects/ratetheclub","resources":{"hostingSite":"ratetheclub","storageBucket":"ratetheclub.appspot.com","locationId":"us-central"},"state":"ACTIVE","etag":"1_69dafdfb-f78a-4e29-9da9-7a80cd5b8bca"}
[info] i  functions: preparing codebase default for deployment 
[info] i  functions: ensuring required API cloudfunctions.googleapis.com is enabled... 
[info] i  functions: ensuring required API cloudbuild.googleapis.com is enabled... 
[info] i  artifactregistry: ensuring required API artifactregistry.googleapis.com is enabled... 
[debug] [2024-09-06T23:52:43.057Z] >>> [apiv2][query] GET https://serviceusage.googleapis.com/v1/projects/ratetheclub/services/cloudfunctions.googleapis.com [none]
[debug] [2024-09-06T23:52:43.057Z] >>> [apiv2][(partial)header] GET https://serviceusage.googleapis.com/v1/projects/ratetheclub/services/cloudfunctions.googleapis.com x-goog-quota-user=projects/ratetheclub
[debug] [2024-09-06T23:52:43.058Z] >>> [apiv2][query] GET https://serviceusage.googleapis.com/v1/projects/ratetheclub/services/runtimeconfig.googleapis.com [none]
[debug] [2024-09-06T23:52:43.058Z] >>> [apiv2][(partial)header] GET https://serviceusage.googleapis.com/v1/projects/ratetheclub/services/runtimeconfig.googleapis.com x-goog-quota-user=projects/ratetheclub
[debug] [2024-09-06T23:52:43.060Z] >>> [apiv2][query] GET https://serviceusage.googleapis.com/v1/projects/ratetheclub/services/cloudbuild.googleapis.com [none]
[debug] [2024-09-06T23:52:43.060Z] >>> [apiv2][(partial)header] GET https://serviceusage.googleapis.com/v1/projects/ratetheclub/services/cloudbuild.googleapis.com x-goog-quota-user=projects/ratetheclub
[debug] [2024-09-06T23:52:43.062Z] >>> [apiv2][query] GET https://serviceusage.googleapis.com/v1/projects/ratetheclub/services/artifactregistry.googleapis.com [none]
[debug] [2024-09-06T23:52:43.062Z] >>> [apiv2][(partial)header] GET https://serviceusage.googleapis.com/v1/projects/ratetheclub/services/artifactregistry.googleapis.com x-goog-quota-user=projects/ratetheclub
[debug] [2024-09-06T23:52:43.686Z] <<< [apiv2][status] GET https://serviceusage.googleapis.com/v1/projects/ratetheclub/services/runtimeconfig.googleapis.com 200
[debug] [2024-09-06T23:52:43.687Z] <<< [apiv2][body] GET https://serviceusage.googleapis.com/v1/projects/ratetheclub/services/runtimeconfig.googleapis.com [omitted]
[debug] [2024-09-06T23:52:43.744Z] <<< [apiv2][status] GET https://serviceusage.googleapis.com/v1/projects/ratetheclub/services/artifactregistry.googleapis.com 200
[debug] [2024-09-06T23:52:43.745Z] <<< [apiv2][body] GET https://serviceusage.googleapis.com/v1/projects/ratetheclub/services/artifactregistry.googleapis.com [omitted]
[info] ✔  artifactregistry: required API artifactregistry.googleapis.com is enabled 
[debug] [2024-09-06T23:52:43.759Z] <<< [apiv2][status] GET https://serviceusage.googleapis.com/v1/projects/ratetheclub/services/cloudfunctions.googleapis.com 200
[debug] [2024-09-06T23:52:43.760Z] <<< [apiv2][body] GET https://serviceusage.googleapis.com/v1/projects/ratetheclub/services/cloudfunctions.googleapis.com [omitted]
[info] ✔  functions: required API cloudfunctions.googleapis.com is enabled 
[debug] [2024-09-06T23:52:43.762Z] <<< [apiv2][status] GET https://serviceusage.googleapis.com/v1/projects/ratetheclub/services/cloudbuild.googleapis.com 200
[debug] [2024-09-06T23:52:43.762Z] <<< [apiv2][body] GET https://serviceusage.googleapis.com/v1/projects/ratetheclub/services/cloudbuild.googleapis.com [omitted]
[info] ✔  functions: required API cloudbuild.googleapis.com is enabled 
[debug] [2024-09-06T23:52:43.763Z] >>> [apiv2][query] GET https://firebase.googleapis.com/v1beta1/projects/ratetheclub/adminSdkConfig [none]
[debug] [2024-09-06T23:52:44.099Z] <<< [apiv2][status] GET https://firebase.googleapis.com/v1beta1/projects/ratetheclub/adminSdkConfig 200
[debug] [2024-09-06T23:52:44.099Z] <<< [apiv2][body] GET https://firebase.googleapis.com/v1beta1/projects/ratetheclub/adminSdkConfig {"projectId":"ratetheclub","storageBucket":"ratetheclub.appspot.com","locationId":"us-central"}
[debug] [2024-09-06T23:52:44.100Z] >>> [apiv2][query] GET https://runtimeconfig.googleapis.com/v1beta1/projects/ratetheclub/configs [none]
[debug] [2024-09-06T23:52:44.409Z] <<< [apiv2][status] GET https://runtimeconfig.googleapis.com/v1beta1/projects/ratetheclub/configs 200
[debug] [2024-09-06T23:52:44.409Z] <<< [apiv2][body] GET https://runtimeconfig.googleapis.com/v1beta1/projects/ratetheclub/configs {}
[debug] [2024-09-06T23:52:44.411Z] Validating nodejs source
[debug] [2024-09-06T23:52:45.557Z] > [functions] package.json contents: {
  "name": "functions",
  "description": "Cloud Functions for Firebase",
  "scripts": {
    "lint": "eslint .",
    "serve": "firebase emulators:start --only functions",
    "shell": "firebase functions:shell",
    "start": "npm run shell",
    "deploy": "firebase deploy --only functions",
    "logs": "firebase functions:log"
  },
  "engines": {
    "node": "18"
  },
  "main": "index.js",
  "dependencies": {
    "axios": "^1.7.7",
    "firebase-admin": "^12.1.0",
    "firebase-functions": "^5.0.0"
  },
  "devDependencies": {
    "eslint": "^8.57.0",
    "eslint-config-google": "^0.14.0",
    "firebase-functions-test": "^3.1.0"
  },
  "private": true
}
[debug] [2024-09-06T23:52:45.558Z] Building nodejs source
[info] i  functions: Loading and analyzing source code for codebase default to determine what to deploy 
[debug] [2024-09-06T23:52:45.559Z] Could not find functions.yaml. Must use http discovery
[debug] [2024-09-06T23:52:45.574Z] Found firebase-functions binary at '/Users/hugo/code/rtc_lp/frontend/functions/node_modules/.bin/firebase-functions'
[info] Serving at port 8188

[debug] [2024-09-06T23:52:46.270Z] Got response from /__/functions.yaml {"endpoints":{"exchangeCodeForToken":{"platform":"gcfv1","labels":{},"availableMemoryMb":null,"timeoutSeconds":null,"minInstances":null,"maxInstances":null,"ingressSettings":null,"serviceAccountEmail":null,"vpc":null,"callableTrigger":{},"entryPoint":"exchangeCodeForToken"},"fetchSpotifyData":{"platform":"gcfv1","labels":{},"availableMemoryMb":null,"timeoutSeconds":null,"minInstances":null,"maxInstances":null,"ingressSettings":null,"serviceAccountEmail":null,"vpc":null,"callableTrigger":{},"entryPoint":"fetchSpotifyData"}},"specVersion":"v1alpha1","requiredAPIs":[],"extensions":{}}
[info] i  functions: preparing functions directory for uploading... 
[info] i  functions: packaged /Users/hugo/code/rtc_lp/frontend/functions (73.79 KB) for uploading 
[debug] [2024-09-06T23:52:51.349Z] >>> [apiv2][query] GET https://cloudfunctions.googleapis.com/v1/projects/ratetheclub/locations/-/functions [none]
[debug] [2024-09-06T23:52:52.004Z] <<< [apiv2][status] GET https://cloudfunctions.googleapis.com/v1/projects/ratetheclub/locations/-/functions 200
[debug] [2024-09-06T23:52:52.004Z] <<< [apiv2][body] GET https://cloudfunctions.googleapis.com/v1/projects/ratetheclub/locations/-/functions {"functions":[{"name":"projects/ratetheclub/locations/us-central1/functions/fetchSpotifyData","httpsTrigger":{"url":"https://us-central1-ratetheclub.cloudfunctions.net/fetchSpotifyData","securityLevel":"SECURE_ALWAYS"},"status":"ACTIVE","entryPoint":"fetchSpotifyData","timeout":"60s","availableMemoryMb":256,"serviceAccountEmail":"ratetheclub@appspot.gserviceaccount.com","updateTime":"2024-09-06T23:26:00.218Z","versionId":"8","labels":{"deployment-tool":"cli-firebase","deployment-callable":"true","firebase-functions-hash":"a80aa719bd0a3def185622b01ae5f10967696cd8"},"sourceUploadUrl":"https://storage.googleapis.com/uploads-106092959317.us-central1.cloudfunctions.appspot.com/0041516a-9e3d-45c2-864a-487a12de69c0.zip","environmentVariables":{"FIREBASE_CONFIG":"{\"projectId\":\"ratetheclub\",\"storageBucket\":\"ratetheclub.appspot.com\",\"locationId\":\"us-central\"}","GCLOUD_PROJECT":"ratetheclub","EVENTARC_CLOUD_EVENT_SOURCE":"projects/ratetheclub/locations/us-central1/functions/fetchSpotifyData"},"runtime":"nodejs18","ingressSettings":"ALLOW_ALL","buildId":"3270cc47-a2f3-4a01-8dd0-dbfc5a26b8f7","buildEnvironmentVariables":{"GOOGLE_NODE_RUN_SCRIPTS":""},"buildName":"projects/532159764220/locations/us-central1/builds/3270cc47-a2f3-4a01-8dd0-dbfc5a26b8f7","dockerRegistry":"ARTIFACT_REGISTRY","automaticUpdatePolicy":{},"buildServiceAccount":"532159764220-compute@developer.gserviceaccount.com"},{"name":"projects/ratetheclub/locations/us-central1/functions/exchangeCodeForToken","httpsTrigger":{"url":"https://us-central1-ratetheclub.cloudfunctions.net/exchangeCodeForToken","securityLevel":"SECURE_ALWAYS"},"status":"ACTIVE","entryPoint":"exchangeCodeForToken","timeout":"60s","availableMemoryMb":256,"serviceAccountEmail":"ratetheclub@appspot.gserviceaccount.com","updateTime":"2024-09-06T23:26:00.801Z","versionId":"8","labels":{"deployment-tool":"cli-firebase","deployment-callable":"true","firebase-functions-hash":"a80aa719bd0a3def185622b01ae5f10967696cd8"},"sourceUploadUrl":"https://storage.googleapis.com/uploads-106092959317.us-central1.cloudfunctions.appspot.com/0041516a-9e3d-45c2-864a-487a12de69c0.zip","environmentVariables":{"FIREBASE_CONFIG":"{\"projectId\":\"ratetheclub\",\"storageBucket\":\"ratetheclub.appspot.com\",\"locationId\":\"us-central\"}","GCLOUD_PROJECT":"ratetheclub","EVENTARC_CLOUD_EVENT_SOURCE":"projects/ratetheclub/locations/us-central1/functions/exchangeCodeForToken"},"runtime":"nodejs18","ingressSettings":"ALLOW_ALL","buildId":"3270cc47-a2f3-4a01-8dd0-dbfc5a26b8f7","buildEnvironmentVariables":{"GOOGLE_NODE_RUN_SCRIPTS":""},"buildName":"projects/532159764220/locations/us-central1/builds/3270cc47-a2f3-4a01-8dd0-dbfc5a26b8f7","dockerRegistry":"ARTIFACT_REGISTRY","automaticUpdatePolicy":{},"buildServiceAccount":"532159764220-compute@developer.gserviceaccount.com"},{"name":"projects/ratetheclub/locations/us-central1/functions/getUserSummary","httpsTrigger":{"url":"https://us-central1-ratetheclub.cloudfunctions.net/getUserSummary","securityLevel":"SECURE_ALWAYS"},"status":"ACTIVE","entryPoint":"getUserSummary","timeout":"60s","availableMemoryMb":256,"serviceAccountEmail":"ratetheclub@appspot.gserviceaccount.com","updateTime":"2024-09-06T23:25:49.748Z","versionId":"1","labels":{"deployment-tool":"cli-firebase","deployment-callable":"true","firebase-functions-hash":"a80aa719bd0a3def185622b01ae5f10967696cd8"},"sourceUploadUrl":"https://storage.googleapis.com/uploads-106092959317.us-central1.cloudfunctions.appspot.com/0041516a-9e3d-45c2-864a-487a12de69c0.zip","environmentVariables":{"FIREBASE_CONFIG":"{\"projectId\":\"ratetheclub\",\"storageBucket\":\"ratetheclub.appspot.com\",\"locationId\":\"us-central\"}","GCLOUD_PROJECT":"ratetheclub","EVENTARC_CLOUD_EVENT_SOURCE":"projects/ratetheclub/locations/us-central1/functions/getUserSummary"},"runtime":"nodejs18","ingressSettings":"ALLOW_ALL","buildId":"3270cc47-a2f3-4a01-8dd0-dbfc5a26b8f7","buildEnvironmentVariables":{"GOOGLE_NODE_RUN_SCRIPTS":""},"buildName":"projects/532159764220/locations/us-central1/builds/3270cc47-a2f3-4a01-8dd0-dbfc5a26b8f7","dockerRegistry":"ARTIFACT_REGISTRY","automaticUpdatePolicy":{},"buildServiceAccount":"projects/ratetheclub/serviceAccounts/532159764220-compute@developer.gserviceaccount.com"}]}
[debug] [2024-09-06T23:52:52.005Z] >>> [apiv2][query] GET https://cloudfunctions.googleapis.com/v2/projects/ratetheclub/locations/-/functions filter=environment%3D%22GEN_2%22
[debug] [2024-09-06T23:52:52.597Z] <<< [apiv2][status] GET https://cloudfunctions.googleapis.com/v2/projects/ratetheclub/locations/-/functions 200
[debug] [2024-09-06T23:52:52.597Z] <<< [apiv2][body] GET https://cloudfunctions.googleapis.com/v2/projects/ratetheclub/locations/-/functions {}
[debug] [2024-09-06T23:52:52.601Z] >>> [apiv2][query] GET https://firebase.googleapis.com/v1beta1/projects/ratetheclub [none]
[debug] [2024-09-06T23:52:52.802Z] <<< [apiv2][status] GET https://firebase.googleapis.com/v1beta1/projects/ratetheclub 200
[debug] [2024-09-06T23:52:52.802Z] <<< [apiv2][body] GET https://firebase.googleapis.com/v1beta1/projects/ratetheclub {"projectId":"ratetheclub","projectNumber":"532159764220","displayName":"ratetheclub","name":"projects/ratetheclub","resources":{"hostingSite":"ratetheclub","storageBucket":"ratetheclub.appspot.com","locationId":"us-central"},"state":"ACTIVE","etag":"1_69dafdfb-f78a-4e29-9da9-7a80cd5b8bca"}
[debug] [2024-09-06T23:52:52.804Z] >>> [apiv2][query] POST https://cloudfunctions.googleapis.com/v1/projects/ratetheclub/locations/us-central1/functions:generateUploadUrl [none]
[debug] [2024-09-06T23:52:52.804Z] >>> [apiv2][body] POST https://cloudfunctions.googleapis.com/v1/projects/ratetheclub/locations/us-central1/functions:generateUploadUrl {}
[debug] [2024-09-06T23:52:53.347Z] <<< [apiv2][status] POST https://cloudfunctions.googleapis.com/v1/projects/ratetheclub/locations/us-central1/functions:generateUploadUrl 200
[debug] [2024-09-06T23:52:53.347Z] <<< [apiv2][body] POST https://cloudfunctions.googleapis.com/v1/projects/ratetheclub/locations/us-central1/functions:generateUploadUrl {"uploadUrl":"https://storage.googleapis.com/uploads-106092959317.us-central1.cloudfunctions.appspot.com/d812cc98-497f-40f7-8eb1-1d771126453b.zip?GoogleAccessId=service-532159764220@gcf-admin-robot.iam.gserviceaccount.com&Expires=1725668573&Signature=CFSfELI8QE4%2F8gGITeKCH84P%2FQy6Qx2TzJxj%2Bx%2FTsE4GfqHxELvEIDZjFAgm0%2FMyepKibG5WHnX8mKDUiEzXG0yjS8ysnLbeq7vpIQdUB3E%2BgEeZLiGiKecWHIUAm%2FDIyEtYpY7s4xes1tzz1BH%2BWhNM4v3KE8YOOyGTTE2LW%2FIP3cj3Rmbhnfe1XsyogBfKHeGVOm7ZSFNsGdbBedeKnHffNZZxajt4fTPZnzuxzrGtZi6cssiGBXPQSV%2B4tBWxNXoUmNdc45llSLNyVaa%2B3lBXcjt5tWMzdeQu5T45o6aZMlm7QWwQhKTzTHggQtemlJU3Y2g6VNqQQy65LW0DmQ%3D%3D"}
[debug] [2024-09-06T23:52:53.350Z] >>> [apiv2][query] PUT https://storage.googleapis.com/uploads-106092959317.us-central1.cloudfunctions.appspot.com/d812cc98-497f-40f7-8eb1-1d771126453b.zip GoogleAccessId=service-532159764220%40gcf-admin-robot.iam.gserviceaccount.com&Expires=1725668573&Signature=CFSfELI8QE4%2F8gGITeKCH84P%2FQy6Qx2TzJxj%2Bx%2FTsE4GfqHxELvEIDZjFAgm0%2FMyepKibG5WHnX8mKDUiEzXG0yjS8ysnLbeq7vpIQdUB3E%2BgEeZLiGiKecWHIUAm%2FDIyEtYpY7s4xes1tzz1BH%2BWhNM4v3KE8YOOyGTTE2LW%2FIP3cj3Rmbhnfe1XsyogBfKHeGVOm7ZSFNsGdbBedeKnHffNZZxajt4fTPZnzuxzrGtZi6cssiGBXPQSV%2B4tBWxNXoUmNdc45llSLNyVaa%2B3lBXcjt5tWMzdeQu5T45o6aZMlm7QWwQhKTzTHggQtemlJU3Y2g6VNqQQy65LW0DmQ%3D%3D
[debug] [2024-09-06T23:52:53.350Z] >>> [apiv2][body] PUT https://storage.googleapis.com/uploads-106092959317.us-central1.cloudfunctions.appspot.com/d812cc98-497f-40f7-8eb1-1d771126453b.zip [stream]
[debug] [2024-09-06T23:52:53.735Z] <<< [apiv2][status] PUT https://storage.googleapis.com/uploads-106092959317.us-central1.cloudfunctions.appspot.com/d812cc98-497f-40f7-8eb1-1d771126453b.zip 200
[debug] [2024-09-06T23:52:53.736Z] <<< [apiv2][body] PUT https://storage.googleapis.com/uploads-106092959317.us-central1.cloudfunctions.appspot.com/d812cc98-497f-40f7-8eb1-1d771126453b.zip [omitted]
[info] ✔  functions: functions folder uploaded successfully 
[info] 
The following functions are found in your project but do not exist in your local source code:
	getUserSummary(us-central1)

If you are renaming a function or changing its region, it is recommended that you create the new function first before deleting the old one to prevent event loss. For more info, visit https://firebase.google.com/docs/functions/manage-functions#modify

